  CollectIt 3D.cpp
c:\users\hashmaryne\desktop\hashmaryne- games assignment\game\collectit 3d\collectit 3d.cpp(95): warning C4244: 'argument': conversion from 'time_t' to 'unsigned int', possible loss of data
c:\users\hashmaryne\desktop\hashmaryne- games assignment\game\collectit 3d\collectit 3d.cpp(107): warning C4244: 'initializing': conversion from 'clock_t' to 'float', possible loss of data
c:\users\hashmaryne\desktop\hashmaryne- games assignment\game\collectit 3d\collectit 3d.cpp(203): warning C4244: 'argument': conversion from 'int' to 'const float', possible loss of data
c:\users\hashmaryne\desktop\hashmaryne- games assignment\game\collectit 3d\collectit 3d.cpp(204): warning C4244: 'argument': conversion from 'int' to 'const float', possible loss of data
c:\users\hashmaryne\desktop\hashmaryne- games assignment\game\collectit 3d\collectit 3d.cpp(217): warning C4244: 'argument': conversion from 'int' to 'const float', possible loss of data
c:\users\hashmaryne\desktop\hashmaryne- games assignment\game\collectit 3d\collectit 3d.cpp(218): warning C4244: 'argument': conversion from 'int' to 'const float', possible loss of data
TL-Engine2017Debug.lib(TL-Engine.obj) : warning LNK4099: PDB 'TL-Engine.pdb' was not found with 'TL-Engine2017Debug.lib(TL-Engine.obj)' or at 'C:\Users\Hashmaryne\Desktop\Hashmaryne- Games Assignment\Game\CollectIt 3D\TL-Engine.pdb'; linking object as if no debug info
TL-Engine2017Debug.lib(Errors.obj) : warning LNK4099: PDB 'Common.pdb' was not found with 'TL-Engine2017Debug.lib(Errors.obj)' or at 'C:\Users\Hashmaryne\Desktop\Hashmaryne- Games Assignment\Game\CollectIt 3D\Common.pdb'; linking object as if no debug info
TL-Engine2017Debug.lib(TLXSprite.obj) : warning LNK4099: PDB '3DEngine.pdb' was not found with 'TL-Engine2017Debug.lib(TLXSprite.obj)' or at 'C:\Users\Hashmaryne\Desktop\Hashmaryne- Games Assignment\Game\CollectIt 3D\3DEngine.pdb'; linking object as if no debug info
TL-Engine2017Debug.lib(TLXSceneNode.obj) : warning LNK4099: PDB '3DEngine.pdb' was not found with 'TL-Engine2017Debug.lib(TLXSceneNode.obj)' or at 'C:\Users\Hashmaryne\Desktop\Hashmaryne- Games Assignment\Game\CollectIt 3D\3DEngine.pdb'; linking object as if no debug info
TL-Engine2017Debug.lib(TLXModelNode.obj) : warning LNK4099: PDB '3DEngine.pdb' was not found with 'TL-Engine2017Debug.lib(TLXModelNode.obj)' or at 'C:\Users\Hashmaryne\Desktop\Hashmaryne- Games Assignment\Game\CollectIt 3D\3DEngine.pdb'; linking object as if no debug info
TL-Engine2017Debug.lib(TLXModel.obj) : warning LNK4099: PDB '3DEngine.pdb' was not found with 'TL-Engine2017Debug.lib(TLXModel.obj)' or at 'C:\Users\Hashmaryne\Desktop\Hashmaryne- Games Assignment\Game\CollectIt 3D\3DEngine.pdb'; linking object as if no debug info
TL-Engine2017Debug.lib(TLXMesh.obj) : warning LNK4099: PDB '3DEngine.pdb' was not found with 'TL-Engine2017Debug.lib(TLXMesh.obj)' or at 'C:\Users\Hashmaryne\Desktop\Hashmaryne- Games Assignment\Game\CollectIt 3D\3DEngine.pdb'; linking object as if no debug info
TL-Engine2017Debug.lib(TLXLight.obj) : warning LNK4099: PDB '3DEngine.pdb' was not found with 'TL-Engine2017Debug.lib(TLXLight.obj)' or at 'C:\Users\Hashmaryne\Desktop\Hashmaryne- Games Assignment\Game\CollectIt 3D\3DEngine.pdb'; linking object as if no debug info
TL-Engine2017Debug.lib(TLXFont.obj) : warning LNK4099: PDB '3DEngine.pdb' was not found with 'TL-Engine2017Debug.lib(TLXFont.obj)' or at 'C:\Users\Hashmaryne\Desktop\Hashmaryne- Games Assignment\Game\CollectIt 3D\3DEngine.pdb'; linking object as if no debug info
TL-Engine2017Debug.lib(TLXEngine.obj) : warning LNK4099: PDB '3DEngine.pdb' was not found with 'TL-Engine2017Debug.lib(TLXEngine.obj)' or at 'C:\Users\Hashmaryne\Desktop\Hashmaryne- Games Assignment\Game\CollectIt 3D\3DEngine.pdb'; linking object as if no debug info
TL-Engine2017Debug.lib(TLXCamera.obj) : warning LNK4099: PDB '3DEngine.pdb' was not found with 'TL-Engine2017Debug.lib(TLXCamera.obj)' or at 'C:\Users\Hashmaryne\Desktop\Hashmaryne- Games Assignment\Game\CollectIt 3D\3DEngine.pdb'; linking object as if no debug info
TL-Engine2017Debug.lib(IrrlichtSceneNode.obj) : warning LNK4099: PDB '3DEngine.pdb' was not found with 'TL-Engine2017Debug.lib(IrrlichtSceneNode.obj)' or at 'C:\Users\Hashmaryne\Desktop\Hashmaryne- Games Assignment\Game\CollectIt 3D\3DEngine.pdb'; linking object as if no debug info
TL-Engine2017Debug.lib(IrrlichtModel.obj) : warning LNK4099: PDB '3DEngine.pdb' was not found with 'TL-Engine2017Debug.lib(IrrlichtModel.obj)' or at 'C:\Users\Hashmaryne\Desktop\Hashmaryne- Games Assignment\Game\CollectIt 3D\3DEngine.pdb'; linking object as if no debug info
TL-Engine2017Debug.lib(IrrlichtMesh.obj) : warning LNK4099: PDB '3DEngine.pdb' was not found with 'TL-Engine2017Debug.lib(IrrlichtMesh.obj)' or at 'C:\Users\Hashmaryne\Desktop\Hashmaryne- Games Assignment\Game\CollectIt 3D\3DEngine.pdb'; linking object as if no debug info
TL-Engine2017Debug.lib(IrrlichtLight.obj) : warning LNK4099: PDB '3DEngine.pdb' was not found with 'TL-Engine2017Debug.lib(IrrlichtLight.obj)' or at 'C:\Users\Hashmaryne\Desktop\Hashmaryne- Games Assignment\Game\CollectIt 3D\3DEngine.pdb'; linking object as if no debug info
TL-Engine2017Debug.lib(IrrlichtInput.obj) : warning LNK4099: PDB '3DEngine.pdb' was not found with 'TL-Engine2017Debug.lib(IrrlichtInput.obj)' or at 'C:\Users\Hashmaryne\Desktop\Hashmaryne- Games Assignment\Game\CollectIt 3D\3DEngine.pdb'; linking object as if no debug info
TL-Engine2017Debug.lib(IrrlichtFont.obj) : warning LNK4099: PDB '3DEngine.pdb' was not found with 'TL-Engine2017Debug.lib(IrrlichtFont.obj)' or at 'C:\Users\Hashmaryne\Desktop\Hashmaryne- Games Assignment\Game\CollectIt 3D\3DEngine.pdb'; linking object as if no debug info
TL-Engine2017Debug.lib(IrrlichtEngine.obj) : warning LNK4099: PDB '3DEngine.pdb' was not found with 'TL-Engine2017Debug.lib(IrrlichtEngine.obj)' or at 'C:\Users\Hashmaryne\Desktop\Hashmaryne- Games Assignment\Game\CollectIt 3D\3DEngine.pdb'; linking object as if no debug info
TL-Engine2017Debug.lib(IrrlichtCamera.obj) : warning LNK4099: PDB '3DEngine.pdb' was not found with 'TL-Engine2017Debug.lib(IrrlichtCamera.obj)' or at 'C:\Users\Hashmaryne\Desktop\Hashmaryne- Games Assignment\Game\CollectIt 3D\3DEngine.pdb'; linking object as if no debug info
  CollectIt 3D.vcxproj -> C:\Users\Hashmaryne\Desktop\Hashmaryne- Games Assignment\Game\CollectIt 3D\\CollectIt 3DDebug.exe
  CollectIt 3D.vcxproj -> C:\Users\Hashmaryne\Desktop\Hashmaryne- Games Assignment\Game\CollectIt 3D\\CollectIt 3D.pdb (Full PDB)
